<?xml version="1.0" encoding="utf-8" standalone="no"?>
<!--This file represents the results of running a test suite-->
<test-results name="C:\Documents and Settings\Administrator\My Documents\Visual Studio 2008\Projects\CenStatsHeatMap\HeatMapTests\HeatmapTests.nunit" total="4" failures="0" not-run="0" date="2008-12-15" time="08:28:21">
  <environment nunit-version="2.4.7.0" clr-version="2.0.50727.3053" os-version="Microsoft Windows NT 5.2.3790 Service Pack 2" platform="Win32NT" cwd="C:\Documents and Settings\Administrator\My Documents\Visual Studio 2008\Projects\CenStatsHeatMap\HeatMapTests" machine-name="RODERICK1" user="Administrator" user-domain="RODERICK1" />
  <culture-info current-culture="en-US" current-uiculture="en-US" />
  <test-suite name="C:\Documents and Settings\Administrator\My Documents\Visual Studio 2008\Projects\CenStatsHeatMap\HeatMapTests\HeatmapTests.nunit" success="True" time="5.097" asserts="0">
    <results>
      <test-suite name="C:\Documents and Settings\Administrator\My Documents\Visual Studio 2008\Projects\CenStatsHeatMap\HeatMapTests\bin\Debug\HeatMapTests.dll" success="True" time="5.087" asserts="0">
        <results>
          <test-suite name="HeatMapTests" success="True" time="5.087" asserts="0">
            <results>
              <test-suite name="HeatMapTests" description="Tests the HeatMap dll" success="True" time="2.624" asserts="0">
                <results>
                  <test-case name="HeatMapTests.HeatMapTests.PaletteFactoryFindsPalette" executed="True" success="True" time="2.604" asserts="0" />
                </results>
              </test-suite>
              <test-suite name="QueryStringParserTests" success="True" time="2.444" asserts="0">
                <results>
                  <test-case name="HeatMapTests.QueryStringParserTests.ReturnsCorrectNumberOfHeatPoints" executed="True" success="True" time="2.343" asserts="1" />
                  <test-case name="HeatMapTests.QueryStringParserTests.ReturnsEmptyIfQueryStringValueMissing" executed="True" success="True" time="0.000" asserts="0" />
                  <test-case name="HeatMapTests.QueryStringParserTests.ThrowsArgumentExceptionIfNullParameter" executed="True" success="True" time="0.040" asserts="0" />
                </results>
              </test-suite>
            </results>
          </test-suite>
        </results>
      </test-suite>
    </results>
  </test-suite>
</test-results>